<?xml version="1.0" encoding="UTF-8"?>
<coverage generated="1632996163718" clover="3.2.0">
  <project timestamp="1632996163718" name="All files">
    <metrics statements="30" coveredstatements="30" conditionals="4" coveredconditionals="4" methods="10" coveredmethods="10" elements="44" coveredelements="44" complexity="0" loc="30" ncloc="30" packages="1" files="5" classes="5"/>
    <file name="array_analysis.js" path="/Users/hillaryvanotten/Desktop/Jest/practice/array_analysis.js">
      <metrics statements="4" coveredstatements="4" conditionals="0" coveredconditionals="0" methods="2" coveredmethods="2"/>
      <line num="1" count="1" type="stmt"/>
      <line num="2" count="1" type="stmt"/>
      <line num="3" count="6" type="stmt"/>
      <line num="10" count="1" type="stmt"/>
    </file>
    <file name="caesar_cipher.js" path="/Users/hillaryvanotten/Desktop/Jest/practice/caesar_cipher.js">
      <metrics statements="14" coveredstatements="14" conditionals="4" coveredconditionals="4" methods="2" coveredmethods="2"/>
      <line num="10" count="1" type="stmt"/>
      <line num="41" count="6" type="stmt"/>
      <line num="43" count="6" type="stmt"/>
      <line num="44" count="130" type="stmt"/>
      <line num="46" count="130" type="stmt"/>
      <line num="47" count="130" type="cond" truecount="2" falsecount="0"/>
      <line num="48" count="26" type="stmt"/>
      <line num="50" count="1385" type="stmt"/>
      <line num="51" count="104" type="cond" truecount="2" falsecount="0"/>
      <line num="57" count="6" type="stmt"/>
      <line num="61" count="1" type="stmt"/>
      <line num="62" count="1" type="stmt"/>
      <line num="63" count="1" type="stmt"/>
      <line num="65" count="1" type="stmt"/>
    </file>
    <file name="calculator.js" path="/Users/hillaryvanotten/Desktop/Jest/practice/calculator.js">
      <metrics statements="6" coveredstatements="6" conditionals="0" coveredconditionals="0" methods="4" coveredmethods="4"/>
      <line num="1" count="1" type="stmt"/>
      <line num="2" count="1" type="stmt"/>
      <line num="3" count="1" type="stmt"/>
      <line num="4" count="1" type="stmt"/>
      <line num="5" count="1" type="stmt"/>
      <line num="8" count="1" type="stmt"/>
    </file>
    <file name="capitalize.js" path="/Users/hillaryvanotten/Desktop/Jest/practice/capitalize.js">
      <metrics statements="2" coveredstatements="2" conditionals="0" coveredconditionals="0" methods="1" coveredmethods="1"/>
      <line num="2" count="2" type="stmt"/>
      <line num="5" count="1" type="stmt"/>
    </file>
    <file name="reverseString.js" path="/Users/hillaryvanotten/Desktop/Jest/practice/reverseString.js">
      <metrics statements="4" coveredstatements="4" conditionals="0" coveredconditionals="0" methods="1" coveredmethods="1"/>
      <line num="1" count="1" type="stmt"/>
      <line num="2" count="3" type="stmt"/>
      <line num="5" count="1" type="stmt"/>
      <line num="7" count="1" type="stmt"/>
    </file>
  </project>
</coverage>
