{"/Users/hillaryvanotten/Desktop/Jest/practice/array_analysis.js": {"path":"/Users/hillaryvanotten/Desktop/Jest/practice/array_analysis.js","statementMap":{"0":{"start":{"line":1,"column":22},"end":{"line":8,"column":1}},"1":{"start":{"line":2,"column":2},"end":{"line":7,"column":4}},"2":{"start":{"line":3,"column":34},"end":{"line":3,"column":39}},"3":{"start":{"line":10,"column":0},"end":{"line":10,"column":31}}},"fnMap":{"0":{"name":"(anonymous_0)","decl":{"start":{"line":1,"column":22},"end":{"line":1,"column":23}},"loc":{"start":{"line":1,"column":31},"end":{"line":8,"column":1}},"line":1},"1":{"name":"(anonymous_1)","decl":{"start":{"line":3,"column":24},"end":{"line":3,"column":25}},"loc":{"start":{"line":3,"column":34},"end":{"line":3,"column":39}},"line":3}},"branchMap":{},"s":{"0":1,"1":1,"2":6,"3":1},"f":{"0":1,"1":6},"b":{},"_coverageSchema":"1a1c01bbd47fc00a2c39e90264f33305004495a9","hash":"966506c88b5493c1ff486306e757a88f73c48bfe"}
,"/Users/hillaryvanotten/Desktop/Jest/practice/caesar_cipher.js": {"path":"/Users/hillaryvanotten/Desktop/Jest/practice/caesar_cipher.js","statementMap":{"0":{"start":{"line":10,"column":17},"end":{"line":37,"column":1}},"1":{"start":{"line":41,"column":20},"end":{"line":41,"column":22}},"2":{"start":{"line":43,"column":2},"end":{"line":53,"column":3}},"3":{"start":{"line":43,"column":15},"end":{"line":43,"column":16}},"4":{"start":{"line":44,"column":17},"end":{"line":44,"column":23}},"5":{"start":{"line":46,"column":22},"end":{"line":46,"column":45}},"6":{"start":{"line":47,"column":4},"end":{"line":52,"column":5}},"7":{"start":{"line":48,"column":6},"end":{"line":48,"column":26}},"8":{"start":{"line":50,"column":24},"end":{"line":50,"column":61}},"9":{"start":{"line":50,"column":50},"end":{"line":50,"column":60}},"10":{"start":{"line":51,"column":6},"end":{"line":51,"column":74}},"11":{"start":{"line":57,"column":2},"end":{"line":57,"column":21}},"12":{"start":{"line":61,"column":0},"end":{"line":61,"column":35}},"13":{"start":{"line":62,"column":0},"end":{"line":62,"column":34}},"14":{"start":{"line":63,"column":0},"end":{"line":63,"column":68}},"15":{"start":{"line":65,"column":0},"end":{"line":65,"column":24}}},"fnMap":{"0":{"name":"caesar","decl":{"start":{"line":39,"column":9},"end":{"line":39,"column":15}},"loc":{"start":{"line":39,"column":21},"end":{"line":58,"column":1}},"line":39},"1":{"name":"(anonymous_1)","decl":{"start":{"line":50,"column":43},"end":{"line":50,"column":44}},"loc":{"start":{"line":50,"column":50},"end":{"line":50,"column":60}},"line":50}},"branchMap":{"0":{"loc":{"start":{"line":47,"column":4},"end":{"line":52,"column":5}},"type":"if","locations":[{"start":{"line":47,"column":4},"end":{"line":52,"column":5}},{"start":{"line":47,"column":4},"end":{"line":52,"column":5}}],"line":47},"1":{"loc":{"start":{"line":51,"column":21},"end":{"line":51,"column":73}},"type":"binary-expr","locations":[{"start":{"line":51,"column":21},"end":{"line":51,"column":45}},{"start":{"line":51,"column":49},"end":{"line":51,"column":73}}],"line":51}},"s":{"0":1,"1":6,"2":6,"3":6,"4":130,"5":130,"6":130,"7":26,"8":104,"9":1385,"10":104,"11":6,"12":1,"13":1,"14":1,"15":1},"f":{"0":6,"1":1385},"b":{"0":[26,104],"1":[104,55]},"_coverageSchema":"1a1c01bbd47fc00a2c39e90264f33305004495a9","hash":"418a149ca6fe430cfa714d174de75aecc0399a68"}
,"/Users/hillaryvanotten/Desktop/Jest/practice/calculator.js": {"path":"/Users/hillaryvanotten/Desktop/Jest/practice/calculator.js","statementMap":{"0":{"start":{"line":1,"column":19},"end":{"line":6,"column":1}},"1":{"start":{"line":2,"column":25},"end":{"line":2,"column":36}},"2":{"start":{"line":3,"column":25},"end":{"line":3,"column":36}},"3":{"start":{"line":4,"column":25},"end":{"line":4,"column":36}},"4":{"start":{"line":5,"column":26},"end":{"line":5,"column":37}},"5":{"start":{"line":8,"column":0},"end":{"line":8,"column":28}}},"fnMap":{"0":{"name":"(anonymous_0)","decl":{"start":{"line":2,"column":9},"end":{"line":2,"column":10}},"loc":{"start":{"line":2,"column":25},"end":{"line":2,"column":36}},"line":2},"1":{"name":"(anonymous_1)","decl":{"start":{"line":3,"column":9},"end":{"line":3,"column":10}},"loc":{"start":{"line":3,"column":25},"end":{"line":3,"column":36}},"line":3},"2":{"name":"(anonymous_2)","decl":{"start":{"line":4,"column":9},"end":{"line":4,"column":10}},"loc":{"start":{"line":4,"column":25},"end":{"line":4,"column":36}},"line":4},"3":{"name":"(anonymous_3)","decl":{"start":{"line":5,"column":10},"end":{"line":5,"column":11}},"loc":{"start":{"line":5,"column":26},"end":{"line":5,"column":37}},"line":5}},"branchMap":{},"s":{"0":1,"1":1,"2":1,"3":1,"4":1,"5":1},"f":{"0":1,"1":1,"2":1,"3":1},"b":{},"_coverageSchema":"1a1c01bbd47fc00a2c39e90264f33305004495a9","hash":"599595161dd03eba5c3c87dab7bbb3a8ef62cb2c"}
,"/Users/hillaryvanotten/Desktop/Jest/practice/capitalize.js": {"path":"/Users/hillaryvanotten/Desktop/Jest/practice/capitalize.js","statementMap":{"0":{"start":{"line":2,"column":2},"end":{"line":2,"column":58}},"1":{"start":{"line":5,"column":0},"end":{"line":5,"column":28}}},"fnMap":{"0":{"name":"capitalize","decl":{"start":{"line":1,"column":9},"end":{"line":1,"column":19}},"loc":{"start":{"line":1,"column":28},"end":{"line":3,"column":1}},"line":1}},"branchMap":{},"s":{"0":2,"1":1},"f":{"0":2},"b":{},"_coverageSchema":"1a1c01bbd47fc00a2c39e90264f33305004495a9","hash":"d5c898d3fca8e9987b1679da07debcc32571a228"}
,"/Users/hillaryvanotten/Desktop/Jest/practice/reverseString.js": {"path":"/Users/hillaryvanotten/Desktop/Jest/practice/reverseString.js","statementMap":{"0":{"start":{"line":1,"column":22},"end":{"line":3,"column":1}},"1":{"start":{"line":2,"column":4},"end":{"line":2,"column":44}},"2":{"start":{"line":5,"column":0},"end":{"line":5,"column":36}},"3":{"start":{"line":7,"column":0},"end":{"line":7,"column":31}}},"fnMap":{"0":{"name":"(anonymous_0)","decl":{"start":{"line":1,"column":22},"end":{"line":1,"column":23}},"loc":{"start":{"line":1,"column":31},"end":{"line":3,"column":1}},"line":1}},"branchMap":{},"s":{"0":1,"1":3,"2":1,"3":1},"f":{"0":3},"b":{},"_coverageSchema":"1a1c01bbd47fc00a2c39e90264f33305004495a9","hash":"01397bbd9d5278e844f798705e29d9a45b97b6db"}
}
