TN:
SF:practice/array_analysis.js
FN:1,(anonymous_0)
FN:3,(anonymous_1)
FNF:2
FNH:2
FNDA:1,(anonymous_0)
FNDA:6,(anonymous_1)
DA:1,1
DA:2,1
DA:3,6
DA:10,1
LF:4
LH:4
BRF:0
BRH:0
end_of_record
TN:
SF:practice/caesar_cipher.js
FN:39,caesar
FN:50,(anonymous_1)
FNF:2
FNH:2
FNDA:6,caesar
FNDA:1385,(anonymous_1)
DA:10,1
DA:41,6
DA:43,6
DA:44,130
DA:46,130
DA:47,130
DA:48,26
DA:50,1385
DA:51,104
DA:57,6
DA:61,1
DA:62,1
DA:63,1
DA:65,1
LF:14
LH:14
BRDA:47,0,0,26
BRDA:47,0,1,104
BRDA:51,1,0,104
BRDA:51,1,1,55
BRF:4
BRH:4
end_of_record
TN:
SF:practice/calculator.js
FN:2,(anonymous_0)
FN:3,(anonymous_1)
FN:4,(anonymous_2)
FN:5,(anonymous_3)
FNF:4
FNH:4
FNDA:1,(anonymous_0)
FNDA:1,(anonymous_1)
FNDA:1,(anonymous_2)
FNDA:1,(anonymous_3)
DA:1,1
DA:2,1
DA:3,1
DA:4,1
DA:5,1
DA:8,1
LF:6
LH:6
BRF:0
BRH:0
end_of_record
TN:
SF:practice/capitalize.js
FN:1,capitalize
FNF:1
FNH:1
FNDA:2,capitalize
DA:2,2
DA:5,1
LF:2
LH:2
BRF:0
BRH:0
end_of_record
TN:
SF:practice/reverseString.js
FN:1,(anonymous_0)
FNF:1
FNH:1
FNDA:3,(anonymous_0)
DA:1,1
DA:2,3
DA:5,1
DA:7,1
LF:4
LH:4
BRF:0
BRH:0
end_of_record
